Wed Aug 17 17:26:09 GMT+05:30 2011: Creating new db @ /Users/vprahlad/Work/strata/neo4j_spike/db/neo4j-development/neostore
Wed Aug 17 17:26:10 GMT+05:30 2011: Opened [/Users/vprahlad/Work/strata/neo4j_spike/db/neo4j-development/nioneo_logical.log.1] clean empty log, version=0
Wed Aug 17 17:26:10 GMT+05:30 2011: Opened [/Users/vprahlad/Work/strata/neo4j_spike/db/neo4j-development/lucene/lucene.log.1] clean empty log, version=0
Wed Aug 17 17:26:10 GMT+05:30 2011: Opened [/Users/vprahlad/Work/strata/neo4j_spike/db/neo4j-development/lucene-fulltext/lucene.log.1] clean empty log, version=0
Wed Aug 17 17:26:10 GMT+05:30 2011: Opened [/Users/vprahlad/Work/strata/neo4j_spike/db/neo4j-development/index/lucene.log.1] clean empty log, version=0
Wed Aug 17 17:26:10 GMT+05:30 2011: TM new log: tm_tx_log.1
Wed Aug 17 17:26:10 GMT+05:30 2011: --- CONFIGURATION START ---
Wed Aug 17 17:26:10 GMT+05:30 2011: Physical mem: 4096MB, Heap size: 493MB
Wed Aug 17 17:26:10 GMT+05:30 2011: Kernel version: Neo4j - Graph Database Kernel 1.3
Wed Aug 17 17:26:10 GMT+05:30 2011: Neo4j - Graph Database Kernel 1.3
Wed Aug 17 17:26:10 GMT+05:30 2011: Operating System: Mac OS X; version: 10.6.8; arch: i386; cpus: 4
Wed Aug 17 17:26:10 GMT+05:30 2011: VM Name: Java HotSpot(TM) Client VM
Wed Aug 17 17:26:10 GMT+05:30 2011: VM Vendor: Apple Inc.
Wed Aug 17 17:26:10 GMT+05:30 2011: VM Version: 20.1-b02-384
Wed Aug 17 17:26:10 GMT+05:30 2011: Boot Class Path: /System/Library/Java/JavaVirtualMachines/1.6.0.jdk/Contents/Classes/jsfd.jar:/System/Library/Java/JavaVirtualMachines/1.6.0.jdk/Contents/Classes/classes.jar:/System/Library/Frameworks/JavaVM.framework/Frameworks/JavaRuntimeSupport.framework/Resources/Java/JavaRuntimeSupport.jar:/System/Library/Java/JavaVirtualMachines/1.6.0.jdk/Contents/Classes/ui.jar:/System/Library/Java/JavaVirtualMachines/1.6.0.jdk/Contents/Classes/laf.jar:/System/Library/Java/JavaVirtualMachines/1.6.0.jdk/Contents/Classes/sunrsasign.jar:/System/Library/Java/JavaVirtualMachines/1.6.0.jdk/Contents/Classes/jsse.jar:/System/Library/Java/JavaVirtualMachines/1.6.0.jdk/Contents/Classes/jce.jar:/System/Library/Java/JavaVirtualMachines/1.6.0.jdk/Contents/Classes/charsets.jar:/Users/vprahlad/.rvm/rubies/jruby-1.6.0/lib/jruby.jar
Wed Aug 17 17:26:10 GMT+05:30 2011: Class Path: 
Wed Aug 17 17:26:10 GMT+05:30 2011: Library Path: .:/Library/Java/Extensions:/System/Library/Java/Extensions:/usr/lib/java
Wed Aug 17 17:26:10 GMT+05:30 2011: Garbage Collector: ParNew: [Par Eden Space, Par Survivor Space]
Wed Aug 17 17:26:10 GMT+05:30 2011: Garbage Collector: ConcurrentMarkSweep: [Par Eden Space, Par Survivor Space, CMS Old Gen, CMS Perm Gen]
Wed Aug 17 17:26:10 GMT+05:30 2011: VM Arguments: [-Dfile.encoding=UTF-8, -Djdk.home=, -Djruby.home=/Users/vprahlad/.rvm/rubies/jruby-1.6.0, -Djruby.script=jruby, -Djruby.shell=/bin/zsh, -Djffi.boot.library.path=/Users/vprahlad/.rvm/rubies/jruby-1.6.0/lib/native/Darwin, -Xmx500m, -Xss2048k, -Djruby.memory.max=500m, -Djruby.stack.max=2048k, -Xbootclasspath/a:/Users/vprahlad/.rvm/rubies/jruby-1.6.0/lib/jruby.jar]
Wed Aug 17 17:26:10 GMT+05:30 2011: 
Wed Aug 17 17:26:10 GMT+05:30 2011: adaptive_cache_heap_ratio=0.77
Wed Aug 17 17:26:10 GMT+05:30 2011: adaptive_cache_manager_decrease_ratio=1.15
Wed Aug 17 17:26:10 GMT+05:30 2011: adaptive_cache_manager_increase_ratio=1.1
Wed Aug 17 17:26:10 GMT+05:30 2011: adaptive_cache_worker_sleep_time=3000
Wed Aug 17 17:26:10 GMT+05:30 2011: create=true
Wed Aug 17 17:26:10 GMT+05:30 2011: dir=/Users/vprahlad/Work/strata/neo4j_spike/db/neo4j-development/lucene-fulltext
Wed Aug 17 17:26:10 GMT+05:30 2011: enable_remote_shell=port=9332
Wed Aug 17 17:26:10 GMT+05:30 2011: enable_rules=YES
Wed Aug 17 17:26:10 GMT+05:30 2011: ha.db=NO
Wed Aug 17 17:26:10 GMT+05:30 2011: ha.machine_id=2
Wed Aug 17 17:26:10 GMT+05:30 2011: ha.server=localhost:6002
Wed Aug 17 17:26:10 GMT+05:30 2011: ha.zoo_keeper_servers=localhost:2181,localhost:2182,localhost:2183
Wed Aug 17 17:26:10 GMT+05:30 2011: logical_log=/Users/vprahlad/Work/strata/neo4j_spike/db/neo4j-development/nioneo_logical.log
Wed Aug 17 17:26:10 GMT+05:30 2011: max_node_cache_size=1500
Wed Aug 17 17:26:10 GMT+05:30 2011: max_relationship_cache_size=3500
Wed Aug 17 17:26:10 GMT+05:30 2011: migration_thread=NO
Wed Aug 17 17:26:10 GMT+05:30 2011: min_node_cache_size=0
Wed Aug 17 17:26:10 GMT+05:30 2011: min_relationship_cache_size=0
Wed Aug 17 17:26:10 GMT+05:30 2011: neo_store=/Users/vprahlad/Work/strata/neo4j_spike/db/neo4j-development/neostore
Wed Aug 17 17:26:10 GMT+05:30 2011: neostore.nodestore.db.mapped_memory=25M
Wed Aug 17 17:26:10 GMT+05:30 2011: neostore.propertystore.db.arrays.mapped_memory=130M
Wed Aug 17 17:26:10 GMT+05:30 2011: neostore.propertystore.db.index.keys.mapped_memory=1M
Wed Aug 17 17:26:10 GMT+05:30 2011: neostore.propertystore.db.index.mapped_memory=1M
Wed Aug 17 17:26:10 GMT+05:30 2011: neostore.propertystore.db.mapped_memory=90M
Wed Aug 17 17:26:10 GMT+05:30 2011: neostore.propertystore.db.strings.mapped_memory=130M
Wed Aug 17 17:26:10 GMT+05:30 2011: neostore.relationshipstore.db.mapped_memory=50M
Wed Aug 17 17:26:10 GMT+05:30 2011: online_backup_enabled=NO
Wed Aug 17 17:26:10 GMT+05:30 2011: rebuild_idgenerators_fast=true
Wed Aug 17 17:26:10 GMT+05:30 2011: storage_path=/Users/vprahlad/Work/strata/neo4j_spike/db/neo4j-development
Wed Aug 17 17:26:10 GMT+05:30 2011: store_dir=/Users/vprahlad/Work/strata/neo4j_spike/db/neo4j-development
Wed Aug 17 17:26:10 GMT+05:30 2011: timestamps=YES
Wed Aug 17 17:26:10 GMT+05:30 2011: use_adaptive_cache=YES
Wed Aug 17 17:26:10 GMT+05:30 2011: use_memory_mapped_buffers=true
Wed Aug 17 17:26:10 GMT+05:30 2011: --- CONFIGURATION END ---
Wed Aug 17 17:26:10 GMT+05:30 2011: Extension org.neo4j.kernel.KernelExtension[kernel jmx] loaded ok
Wed Aug 17 17:26:10 GMT+05:30 2011: Extension org.neo4j.kernel.KernelExtension[shell] loaded ok
Wed Aug 17 17:27:37 GMT+05:30 2011: Closed log /Users/vprahlad/Work/strata/neo4j_spike/db/neo4j-development/nioneo_logical.log
Wed Aug 17 17:27:37 GMT+05:30 2011: NeoStore closed
Wed Aug 17 17:27:37 GMT+05:30 2011: Closed log /Users/vprahlad/Work/strata/neo4j_spike/db/neo4j-development/index/lucene.log
Wed Aug 17 17:27:37 GMT+05:30 2011: Closed log /Users/vprahlad/Work/strata/neo4j_spike/db/neo4j-development/lucene/lucene.log
Wed Aug 17 17:27:37 GMT+05:30 2011: NeoStore closed
Wed Aug 17 17:27:37 GMT+05:30 2011: Closed log /Users/vprahlad/Work/strata/neo4j_spike/db/neo4j-development/lucene-fulltext/lucene.log
Wed Aug 17 17:27:37 GMT+05:30 2011: TM shutting down
Wed Aug 17 17:31:22 GMT+05:30 2011: Opened [/Users/vprahlad/Work/strata/neo4j_spike/db/neo4j-development/nioneo_logical.log.1] clean empty log, version=0
Wed Aug 17 17:31:22 GMT+05:30 2011: Opened [/Users/vprahlad/Work/strata/neo4j_spike/db/neo4j-development/lucene/lucene.log.1] clean empty log, version=0
Wed Aug 17 17:31:22 GMT+05:30 2011: Opened [/Users/vprahlad/Work/strata/neo4j_spike/db/neo4j-development/lucene-fulltext/lucene.log.1] clean empty log, version=0
Wed Aug 17 17:31:22 GMT+05:30 2011: Opened [/Users/vprahlad/Work/strata/neo4j_spike/db/neo4j-development/index/lucene.log.1] clean empty log, version=0
Wed Aug 17 17:31:22 GMT+05:30 2011: TM opening log: /Users/vprahlad/Work/strata/neo4j_spike/db/neo4j-development/tm_tx_log.1
Wed Aug 17 17:31:23 GMT+05:30 2011: --- CONFIGURATION START ---
Wed Aug 17 17:31:23 GMT+05:30 2011: Physical mem: 4096MB, Heap size: 493MB
Wed Aug 17 17:31:23 GMT+05:30 2011: Kernel version: Neo4j - Graph Database Kernel 1.3
Wed Aug 17 17:31:23 GMT+05:30 2011: Neo4j - Graph Database Kernel 1.3
Wed Aug 17 17:31:23 GMT+05:30 2011: Operating System: Mac OS X; version: 10.6.8; arch: i386; cpus: 4
Wed Aug 17 17:31:23 GMT+05:30 2011: VM Name: Java HotSpot(TM) Client VM
Wed Aug 17 17:31:23 GMT+05:30 2011: VM Vendor: Apple Inc.
Wed Aug 17 17:31:23 GMT+05:30 2011: VM Version: 20.1-b02-384
Wed Aug 17 17:31:23 GMT+05:30 2011: Boot Class Path: /System/Library/Java/JavaVirtualMachines/1.6.0.jdk/Contents/Classes/jsfd.jar:/System/Library/Java/JavaVirtualMachines/1.6.0.jdk/Contents/Classes/classes.jar:/System/Library/Frameworks/JavaVM.framework/Frameworks/JavaRuntimeSupport.framework/Resources/Java/JavaRuntimeSupport.jar:/System/Library/Java/JavaVirtualMachines/1.6.0.jdk/Contents/Classes/ui.jar:/System/Library/Java/JavaVirtualMachines/1.6.0.jdk/Contents/Classes/laf.jar:/System/Library/Java/JavaVirtualMachines/1.6.0.jdk/Contents/Classes/sunrsasign.jar:/System/Library/Java/JavaVirtualMachines/1.6.0.jdk/Contents/Classes/jsse.jar:/System/Library/Java/JavaVirtualMachines/1.6.0.jdk/Contents/Classes/jce.jar:/System/Library/Java/JavaVirtualMachines/1.6.0.jdk/Contents/Classes/charsets.jar:/Users/vprahlad/.rvm/rubies/jruby-1.6.0/lib/jruby.jar
Wed Aug 17 17:31:23 GMT+05:30 2011: Class Path: 
Wed Aug 17 17:31:23 GMT+05:30 2011: Library Path: .:/Library/Java/Extensions:/System/Library/Java/Extensions:/usr/lib/java
Wed Aug 17 17:31:23 GMT+05:30 2011: Garbage Collector: ParNew: [Par Eden Space, Par Survivor Space]
Wed Aug 17 17:31:23 GMT+05:30 2011: Garbage Collector: ConcurrentMarkSweep: [Par Eden Space, Par Survivor Space, CMS Old Gen, CMS Perm Gen]
Wed Aug 17 17:31:23 GMT+05:30 2011: VM Arguments: [-Dfile.encoding=UTF-8, -Djdk.home=, -Djruby.home=/Users/vprahlad/.rvm/rubies/jruby-1.6.0, -Djruby.script=jruby, -Djruby.shell=/bin/zsh, -Djffi.boot.library.path=/Users/vprahlad/.rvm/rubies/jruby-1.6.0/lib/native/Darwin, -Xmx500m, -Xss2048k, -Djruby.memory.max=500m, -Djruby.stack.max=2048k, -Xbootclasspath/a:/Users/vprahlad/.rvm/rubies/jruby-1.6.0/lib/jruby.jar]
Wed Aug 17 17:31:23 GMT+05:30 2011: 
Wed Aug 17 17:31:23 GMT+05:30 2011: adaptive_cache_heap_ratio=0.77
Wed Aug 17 17:31:23 GMT+05:30 2011: adaptive_cache_manager_decrease_ratio=1.15
Wed Aug 17 17:31:23 GMT+05:30 2011: adaptive_cache_manager_increase_ratio=1.1
Wed Aug 17 17:31:23 GMT+05:30 2011: adaptive_cache_worker_sleep_time=3000
Wed Aug 17 17:31:23 GMT+05:30 2011: create=true
Wed Aug 17 17:31:23 GMT+05:30 2011: dir=/Users/vprahlad/Work/strata/neo4j_spike/db/neo4j-development/lucene-fulltext
Wed Aug 17 17:31:23 GMT+05:30 2011: enable_remote_shell=port=9332
Wed Aug 17 17:31:23 GMT+05:30 2011: enable_rules=YES
Wed Aug 17 17:31:23 GMT+05:30 2011: ha.db=NO
Wed Aug 17 17:31:23 GMT+05:30 2011: ha.machine_id=2
Wed Aug 17 17:31:23 GMT+05:30 2011: ha.server=localhost:6002
Wed Aug 17 17:31:23 GMT+05:30 2011: ha.zoo_keeper_servers=localhost:2181,localhost:2182,localhost:2183
Wed Aug 17 17:31:23 GMT+05:30 2011: logical_log=/Users/vprahlad/Work/strata/neo4j_spike/db/neo4j-development/nioneo_logical.log
Wed Aug 17 17:31:23 GMT+05:30 2011: max_node_cache_size=1500
Wed Aug 17 17:31:23 GMT+05:30 2011: max_relationship_cache_size=3500
Wed Aug 17 17:31:23 GMT+05:30 2011: migration_thread=NO
Wed Aug 17 17:31:23 GMT+05:30 2011: min_node_cache_size=0
Wed Aug 17 17:31:23 GMT+05:30 2011: min_relationship_cache_size=0
Wed Aug 17 17:31:23 GMT+05:30 2011: neo_store=/Users/vprahlad/Work/strata/neo4j_spike/db/neo4j-development/neostore
Wed Aug 17 17:31:23 GMT+05:30 2011: neostore.nodestore.db.mapped_memory=25M
Wed Aug 17 17:31:23 GMT+05:30 2011: neostore.propertystore.db.arrays.mapped_memory=130M
Wed Aug 17 17:31:23 GMT+05:30 2011: neostore.propertystore.db.index.keys.mapped_memory=1M
Wed Aug 17 17:31:23 GMT+05:30 2011: neostore.propertystore.db.index.mapped_memory=1M
Wed Aug 17 17:31:23 GMT+05:30 2011: neostore.propertystore.db.mapped_memory=90M
Wed Aug 17 17:31:23 GMT+05:30 2011: neostore.propertystore.db.strings.mapped_memory=130M
Wed Aug 17 17:31:23 GMT+05:30 2011: neostore.relationshipstore.db.mapped_memory=50M
Wed Aug 17 17:31:23 GMT+05:30 2011: online_backup_enabled=NO
Wed Aug 17 17:31:23 GMT+05:30 2011: rebuild_idgenerators_fast=true
Wed Aug 17 17:31:23 GMT+05:30 2011: storage_path=/Users/vprahlad/Work/strata/neo4j_spike/db/neo4j-development
Wed Aug 17 17:31:23 GMT+05:30 2011: store_dir=/Users/vprahlad/Work/strata/neo4j_spike/db/neo4j-development
Wed Aug 17 17:31:23 GMT+05:30 2011: timestamps=YES
Wed Aug 17 17:31:23 GMT+05:30 2011: use_adaptive_cache=YES
Wed Aug 17 17:31:23 GMT+05:30 2011: use_memory_mapped_buffers=true
Wed Aug 17 17:31:23 GMT+05:30 2011: --- CONFIGURATION END ---
Wed Aug 17 17:31:23 GMT+05:30 2011: Extension org.neo4j.kernel.KernelExtension[kernel jmx] loaded ok
Wed Aug 17 17:31:23 GMT+05:30 2011: Extension org.neo4j.kernel.KernelExtension[shell] loaded ok
Thu Aug 18 10:02:36 GMT+05:30 2011: Closed log /Users/vprahlad/Work/strata/neo4j_spike/db/neo4j-development/nioneo_logical.log
Thu Aug 18 10:02:36 GMT+05:30 2011: NeoStore closed
Thu Aug 18 10:02:36 GMT+05:30 2011: Closed log /Users/vprahlad/Work/strata/neo4j_spike/db/neo4j-development/index/lucene.log
Thu Aug 18 10:02:37 GMT+05:30 2011: Closed log /Users/vprahlad/Work/strata/neo4j_spike/db/neo4j-development/lucene/lucene.log
Thu Aug 18 10:02:37 GMT+05:30 2011: NeoStore closed
Thu Aug 18 10:02:37 GMT+05:30 2011: Closed log /Users/vprahlad/Work/strata/neo4j_spike/db/neo4j-development/lucene-fulltext/lucene.log
Thu Aug 18 10:02:37 GMT+05:30 2011: TM shutting down
